0 info it worked if it ends with ok
1 verbose cli [ 'C:\\Program Files\\nodejs\\\\node.exe',
1 verbose cli   'C:\\Program Files\\nodejs\\node_modules\\npm\\bin\\npm-cli.js',
1 verbose cli   'install',
1 verbose cli   '..\\owski_argList' ]
2 info using npm@1.4.28
3 info using node@v0.10.33
4 verbose node symlink C:\Program Files\nodejs\\node.exe
5 warn package.json owski-expose@0.0.1 No repository field.
6 warn package.json owski-expose@0.0.1 No README data
7 verbose readDependencies using package.json deps
8 verbose cache add [ '..\\owski_argList', null ]
9 verbose cache add name=undefined spec="..\\owski_argList" args=["..\\owski_argList",null]
10 verbose parsed url { protocol: null,
10 verbose parsed url   slashes: null,
10 verbose parsed url   auth: null,
10 verbose parsed url   host: null,
10 verbose parsed url   port: null,
10 verbose parsed url   hostname: null,
10 verbose parsed url   hash: null,
10 verbose parsed url   search: null,
10 verbose parsed url   query: null,
10 verbose parsed url   pathname: '../owski_argList',
10 verbose parsed url   path: '../owski_argList',
10 verbose parsed url   href: '../owski_argList' }
11 silly lockFile 2f503c81-owski-argList ..\owski_argList
12 verbose lock ..\owski_argList C:\Users\tcackowski\AppData\Roaming\npm-cache\2f503c81-owski-argList.lock
13 silly lockFile 2f503c81-owski-argList ..\owski_argList
14 silly lockFile 2f503c81-owski-argList ..\owski_argList
15 error addLocal Could not install ..\owski_argList
16 error Error: ENOENT, stat 'c:\GitHub\owski_argList'
17 error If you need help, you may report this *entire* log,
17 error including the npm and node versions, at:
17 error     <http://github.com/npm/npm/issues>
18 error System Windows_NT 6.1.7601
19 error command "C:\\Program Files\\nodejs\\\\node.exe" "C:\\Program Files\\nodejs\\node_modules\\npm\\bin\\npm-cli.js" "install" "..\\owski_argList"
20 error cwd c:\GitHub\owski-expose
21 error node -v v0.10.33
22 error npm -v 1.4.28
23 error path c:\GitHub\owski_argList
24 error code ENOENT
25 error errno 34
26 verbose exit [ 34, true ]
